<?xml version="1.0" encoding="UTF-8"?>
<!-- Generated by org.testng.reporters.JUnitReportReporter -->
<testsuite hostname="TAUQUEER-PC" failures="0" tests="3" name="stepdefinations.TestRunner" time="64.505" errors="1" timestamp="2024-03-18T12:41:30 IST" skipped="0">
  <testcase classname="stepdefinations.TestRunner" name="runScenario" time="11.660"/>
  <testcase classname="stepdefinations.TestRunner" name="runScenario" time="23.375">
    <error message="Expected condition failed: waiting for visibility of all [[[ChromeDriver: chrome on windows (06daf8af9c5170058ce788f5eec2bb59)] -&gt; xpath: //a[contains(@href,&#039;/sspa/click?&#039;)]//img], [[ChromeDriver: chrome on windows (06daf8af9c5170058ce788f5eec2bb59)] -&gt; xpath: //a[contains(@href,&#039;/sspa/click?&#039;)]//img], [[ChromeDriver: chrome on windows (06daf8af9c5170058ce788f5eec2bb59)] -&gt; xpath: //a[contains(@href,&#039;/sspa/click?&#039;)]//img], [[ChromeDriver: chrome on windows (06daf8af9c5170058ce788f5eec2bb59)] -&gt; xpath: //a[contains(@href,&#039;/sspa/click?&#039;)]//img], [[ChromeDriver: chrome on windows (06daf8af9c5170058ce788f5eec2bb59)] -&gt; xpath: //a[contains(@href,&#039;/sspa/click?&#039;)]//img], [[ChromeDriver: chrome on windows (06daf8af9c5170058ce788f5eec2bb59)] -&gt; xpath: //a[contains(@href,&#039;/sspa/click?&#039;)]//img], [[ChromeDriver: chrome on windows (06daf8af9c5170058ce788f5eec2bb59)] -&gt; xpath: //a[contains(@href,&#039;/sspa/click?&#039;)]//img], [[ChromeDriver: chrome on windows (06daf8af9c5170058ce788f5eec2bb59)] -&gt; xpath: //a[contains(@href,&#039;/sspa/click?&#039;)]//img], [[ChromeDriver: chrome on windows (06daf8af9c5170058ce788f5eec2bb59)] -&gt; xpath: //a[contains(@href,&#039;/sspa/click?&#039;)]//img], [[ChromeDriver: chrome on windows (06daf8af9c5170058ce788f5eec2bb59)] -&gt; xpath: //a[contains(@href,&#039;/sspa/click?&#039;)]//img], [[ChromeDriver: chrome on windows (06daf8af9c5170058ce788f5eec2bb59)] -&gt; xpath: //a[contains(@href,&#039;/sspa/click?&#039;)]//img]] (tried for 5 second(s) with 500 milliseconds interval)
Build info: version: &#039;4.18.1&#039;, revision: &#039;b1d3319b48&#039;
System info: os.name: &#039;Windows 11&#039;, os.arch: &#039;amd64&#039;, os.version: &#039;10.0&#039;, java.version: &#039;17.0.7&#039;
Driver info: org.openqa.selenium.chrome.ChromeDriver
Capabilities {acceptInsecureCerts: false, browserName: chrome, browserVersion: 122.0.6261.129, chrome: {chromedriverVersion: 122.0.6261.128 (f18a44fedeb..., userDataDir: C:\Windows\SystemTemp\scope...}, fedcm:accounts: true, goog:chromeOptions: {debuggerAddress: localhost:64525}, networkConnectionEnabled: false, pageLoadStrategy: normal, platformName: windows, proxy: Proxy(), se:cdp: ws://localhost:64525/devtoo..., se:cdpVersion: 122.0.6261.129, setWindowRect: true, strictFileInteractability: false, timeouts: {implicit: 0, pageLoad: 300000, script: 30000}, unhandledPromptBehavior: dismiss and notify, webauthn:extension:credBlob: true, webauthn:extension:largeBlob: true, webauthn:extension:minPinLength: true, webauthn:extension:prf: true, webauthn:virtualAuthenticators: true}
Session ID: 06daf8af9c5170058ce788f5eec2bb59" type="org.openqa.selenium.TimeoutException">
      <![CDATA[org.openqa.selenium.TimeoutException: Expected condition failed: waiting for visibility of all [[[ChromeDriver: chrome on windows (06daf8af9c5170058ce788f5eec2bb59)] -> xpath: //a[contains(@href,'/sspa/click?')]//img], [[ChromeDriver: chrome on windows (06daf8af9c5170058ce788f5eec2bb59)] -> xpath: //a[contains(@href,'/sspa/click?')]//img], [[ChromeDriver: chrome on windows (06daf8af9c5170058ce788f5eec2bb59)] -> xpath: //a[contains(@href,'/sspa/click?')]//img], [[ChromeDriver: chrome on windows (06daf8af9c5170058ce788f5eec2bb59)] -> xpath: //a[contains(@href,'/sspa/click?')]//img], [[ChromeDriver: chrome on windows (06daf8af9c5170058ce788f5eec2bb59)] -> xpath: //a[contains(@href,'/sspa/click?')]//img], [[ChromeDriver: chrome on windows (06daf8af9c5170058ce788f5eec2bb59)] -> xpath: //a[contains(@href,'/sspa/click?')]//img], [[ChromeDriver: chrome on windows (06daf8af9c5170058ce788f5eec2bb59)] -> xpath: //a[contains(@href,'/sspa/click?')]//img], [[ChromeDriver: chrome on windows (06daf8af9c5170058ce788f5eec2bb59)] -> xpath: //a[contains(@href,'/sspa/click?')]//img], [[ChromeDriver: chrome on windows (06daf8af9c5170058ce788f5eec2bb59)] -> xpath: //a[contains(@href,'/sspa/click?')]//img], [[ChromeDriver: chrome on windows (06daf8af9c5170058ce788f5eec2bb59)] -> xpath: //a[contains(@href,'/sspa/click?')]//img], [[ChromeDriver: chrome on windows (06daf8af9c5170058ce788f5eec2bb59)] -> xpath: //a[contains(@href,'/sspa/click?')]//img]] (tried for 5 second(s) with 500 milliseconds interval)
Build info: version: '4.18.1', revision: 'b1d3319b48'
System info: os.name: 'Windows 11', os.arch: 'amd64', os.version: '10.0', java.version: '17.0.7'
Driver info: org.openqa.selenium.chrome.ChromeDriver
Capabilities {acceptInsecureCerts: false, browserName: chrome, browserVersion: 122.0.6261.129, chrome: {chromedriverVersion: 122.0.6261.128 (f18a44fedeb..., userDataDir: C:\Windows\SystemTemp\scope...}, fedcm:accounts: true, goog:chromeOptions: {debuggerAddress: localhost:64525}, networkConnectionEnabled: false, pageLoadStrategy: normal, platformName: windows, proxy: Proxy(), se:cdp: ws://localhost:64525/devtoo..., se:cdpVersion: 122.0.6261.129, setWindowRect: true, strictFileInteractability: false, timeouts: {implicit: 0, pageLoad: 300000, script: 30000}, unhandledPromptBehavior: dismiss and notify, webauthn:extension:credBlob: true, webauthn:extension:largeBlob: true, webauthn:extension:minPinLength: true, webauthn:extension:prf: true, webauthn:virtualAuthenticators: true}
Session ID: 06daf8af9c5170058ce788f5eec2bb59
at org.openqa.selenium.support.ui.WebDriverWait.timeoutException(WebDriverWait.java:84)
at org.openqa.selenium.support.ui.FluentWait.until(FluentWait.java:228)
at com.amazon.pages.Page.waitForAllEmentsVisible(Page.java:43)
at com.amazon.pages.LandingPage.searchProductGetResults(LandingPage.java:67)
at stepdefinations.AddToCartStepDefination.user_search_in_search_filed(AddToCartStepDefination.java:81)
at âœ½.user search "Keyboard" in search filed(file:///E:/Repo/git/repository/assessment/src/test/resources/features/adding_2_iem_in_Cart.feature:9)
]]>
    </error>
  </testcase> <!-- runScenario -->
  <testcase classname="stepdefinations.TestRunner" name="runScenario" time="29.470"/>
</testsuite> <!-- stepdefinations.TestRunner -->
