<html>
<head>
<title>TestNG:  Default test</title>
<link href="../testng.css" rel="stylesheet" type="text/css" />
<link href="../my-testng.css" rel="stylesheet" type="text/css" />

<style type="text/css">
.log { display: none;} 
.stack-trace { display: none;} 
</style>
<script type="text/javascript">
<!--
function flip(e) {
  current = e.style.display;
  if (current == 'block') {
    e.style.display = 'none';
    return 0;
  }
  else {
    e.style.display = 'block';
    return 1;
  }
}

function toggleBox(szDivId, elem, msg1, msg2)
{
  var res = -1;  if (document.getElementById) {
    res = flip(document.getElementById(szDivId));
  }
  else if (document.all) {
    // this is the way old msie versions work
    res = flip(document.all[szDivId]);
  }
  if(elem) {
    if(res == 0) elem.innerHTML = msg1; else elem.innerHTML = msg2;
  }

}

function toggleAllBoxes() {
  if (document.getElementsByTagName) {
    d = document.getElementsByTagName('div');
    for (i = 0; i < d.length; i++) {
      if (d[i].className == 'log') {
        flip(d[i]);
      }
    }
  }
}

// -->
</script>

</head>
<body>
<h2 align='center'>Default test</h2><table border='1' align="center">
<tr>
<td>Tests passed/Failed/Skipped:</td><td>2/1/0</td>
</tr><tr>
<td>Started on:</td><td>Mon Mar 18 12:40:25 IST 2024</td>
</tr>
<tr><td>Total time:</td><td>65 seconds (65069 ms)</td>
</tr><tr>
<td>Included groups:</td><td></td>
</tr><tr>
<td>Excluded groups:</td><td></td>
</tr>
</table><p/>
<small><i>(Hover the method name to see the test class name)</i></small><p/>
<table width='100%' border='1' class='invocation-failed'>
<tr><td colspan='4' align='center'><b>FAILED TESTS</b></td></tr>
<tr><td><b>Test method</b></td>
<td><b>Attribute(s)</b></td>
<td width="30%"><b>Exception</b></td>
<td width="10%"><b>Time (seconds)</b></td>
<td><b>Instance</b></td>
</tr>
<tr>
<td title='stepdefinations.TestRunner.runScenario()'><b>runScenario</b><br>Test class: stepdefinations.TestRunner<br>Test method: Runs Cucumber Scenarios<br>Parameters: "Adding an item in cart and verifying subtotal", "Add to Cart feature"</td>
<td><div><pre>org.openqa.selenium.TimeoutException: Expected condition failed: waiting for visibility of all [[[ChromeDriver: chrome on windows (06daf8af9c5170058ce788f5eec2bb59)] -&gt; xpath: //a[contains(@href,&apos;/sspa/click?&apos;)]//img], [[ChromeDriver: chrome on windows (06daf8af9c5170058ce788f5eec2bb59)] -&gt; xpath: //a[contains(@href,&apos;/sspa/click?&apos;)]//img], [[ChromeDriver: chrome on windows (06daf8af9c5170058ce788f5eec2bb59)] -&gt; xpath: //a[contains(@href,&apos;/sspa/click?&apos;)]//img], [[ChromeDriver: chrome on windows (06daf8af9c5170058ce788f5eec2bb59)] -&gt; xpath: //a[contains(@href,&apos;/sspa/click?&apos;)]//img], [[ChromeDriver: chrome on windows (06daf8af9c5170058ce788f5eec2bb59)] -&gt; xpath: //a[contains(@href,&apos;/sspa/click?&apos;)]//img], [[ChromeDriver: chrome on windows (06daf8af9c5170058ce788f5eec2bb59)] -&gt; xpath: //a[contains(@href,&apos;/sspa/click?&apos;)]//img], [[ChromeDriver: chrome on windows (06daf8af9c5170058ce788f5eec2bb59)] -&gt; xpath: //a[contains(@href,&apos;/sspa/click?&apos;)]//img], [[ChromeDriver: chrome on windows (06daf8af9c5170058ce788f5eec2bb59)] -&gt; xpath: //a[contains(@href,&apos;/sspa/click?&apos;)]//img], [[ChromeDriver: chrome on windows (06daf8af9c5170058ce788f5eec2bb59)] -&gt; xpath: //a[contains(@href,&apos;/sspa/click?&apos;)]//img], [[ChromeDriver: chrome on windows (06daf8af9c5170058ce788f5eec2bb59)] -&gt; xpath: //a[contains(@href,&apos;/sspa/click?&apos;)]//img], [[ChromeDriver: chrome on windows (06daf8af9c5170058ce788f5eec2bb59)] -&gt; xpath: //a[contains(@href,&apos;/sspa/click?&apos;)]//img]] (tried for 5 second(s) with 500 milliseconds interval)
Build info: version: &apos;4.18.1&apos;, revision: &apos;b1d3319b48&apos;
System info: os.name: &apos;Windows 11&apos;, os.arch: &apos;amd64&apos;, os.version: &apos;10.0&apos;, java.version: &apos;17.0.7&apos;
Driver info: org.openqa.selenium.chrome.ChromeDriver
Capabilities {acceptInsecureCerts: false, browserName: chrome, browserVersion: 122.0.6261.129, chrome: {chromedriverVersion: 122.0.6261.128 (f18a44fedeb..., userDataDir: C:\Windows\SystemTemp\scope...}, fedcm:accounts: true, goog:chromeOptions: {debuggerAddress: localhost:64525}, networkConnectionEnabled: false, pageLoadStrategy: normal, platformName: windows, proxy: Proxy(), se:cdp: ws://localhost:64525/devtoo..., se:cdpVersion: 122.0.6261.129, setWindowRect: true, strictFileInteractability: false, timeouts: {implicit: 0, pageLoad: 300000, script: 30000}, unhandledPromptBehavior: dismiss and notify, webauthn:extension:credBlob: true, webauthn:extension:largeBlob: true, webauthn:extension:minPinLength: true, webauthn:extension:prf: true, webauthn:virtualAuthenticators: true}
Session ID: 06daf8af9c5170058ce788f5eec2bb59
	at org.openqa.selenium.support.ui.WebDriverWait.timeoutException(WebDriverWait.java:84)
	at org.openqa.selenium.support.ui.FluentWait.until(FluentWait.java:228)
	at com.amazon.pages.Page.waitForAllEmentsVisible(Page.java:43)
	at com.amazon.pages.LandingPage.searchProductGetResults(LandingPage.java:67)
	at stepdefinations.AddToCartStepDefination.user_search_in_search_filed(AddToCartStepDefination.java:81)
	at ✽.user search &quot;Keyboard&quot; in search filed(file:///E:/Repo/git/repository/assessment/src/test/resources/features/adding_2_iem_in_Cart.feature:9)
</pre></div><a href='#' onClick='toggleBox("stack-trace1609501721", this, "Click to show all stack frames", "Click to hide stack frames")'>Click to show all stack frames</a>
<div class='stack-trace' id='stack-trace1609501721'><pre>org.openqa.selenium.TimeoutException: Expected condition failed: waiting for visibility of all [[[ChromeDriver: chrome on windows (06daf8af9c5170058ce788f5eec2bb59)] -&gt; xpath: //a[contains(@href,&apos;/sspa/click?&apos;)]//img], [[ChromeDriver: chrome on windows (06daf8af9c5170058ce788f5eec2bb59)] -&gt; xpath: //a[contains(@href,&apos;/sspa/click?&apos;)]//img], [[ChromeDriver: chrome on windows (06daf8af9c5170058ce788f5eec2bb59)] -&gt; xpath: //a[contains(@href,&apos;/sspa/click?&apos;)]//img], [[ChromeDriver: chrome on windows (06daf8af9c5170058ce788f5eec2bb59)] -&gt; xpath: //a[contains(@href,&apos;/sspa/click?&apos;)]//img], [[ChromeDriver: chrome on windows (06daf8af9c5170058ce788f5eec2bb59)] -&gt; xpath: //a[contains(@href,&apos;/sspa/click?&apos;)]//img], [[ChromeDriver: chrome on windows (06daf8af9c5170058ce788f5eec2bb59)] -&gt; xpath: //a[contains(@href,&apos;/sspa/click?&apos;)]//img], [[ChromeDriver: chrome on windows (06daf8af9c5170058ce788f5eec2bb59)] -&gt; xpath: //a[contains(@href,&apos;/sspa/click?&apos;)]//img], [[ChromeDriver: chrome on windows (06daf8af9c5170058ce788f5eec2bb59)] -&gt; xpath: //a[contains(@href,&apos;/sspa/click?&apos;)]//img], [[ChromeDriver: chrome on windows (06daf8af9c5170058ce788f5eec2bb59)] -&gt; xpath: //a[contains(@href,&apos;/sspa/click?&apos;)]//img], [[ChromeDriver: chrome on windows (06daf8af9c5170058ce788f5eec2bb59)] -&gt; xpath: //a[contains(@href,&apos;/sspa/click?&apos;)]//img], [[ChromeDriver: chrome on windows (06daf8af9c5170058ce788f5eec2bb59)] -&gt; xpath: //a[contains(@href,&apos;/sspa/click?&apos;)]//img]] (tried for 5 second(s) with 500 milliseconds interval)
Build info: version: &apos;4.18.1&apos;, revision: &apos;b1d3319b48&apos;
System info: os.name: &apos;Windows 11&apos;, os.arch: &apos;amd64&apos;, os.version: &apos;10.0&apos;, java.version: &apos;17.0.7&apos;
Driver info: org.openqa.selenium.chrome.ChromeDriver
Capabilities {acceptInsecureCerts: false, browserName: chrome, browserVersion: 122.0.6261.129, chrome: {chromedriverVersion: 122.0.6261.128 (f18a44fedeb..., userDataDir: C:\Windows\SystemTemp\scope...}, fedcm:accounts: true, goog:chromeOptions: {debuggerAddress: localhost:64525}, networkConnectionEnabled: false, pageLoadStrategy: normal, platformName: windows, proxy: Proxy(), se:cdp: ws://localhost:64525/devtoo..., se:cdpVersion: 122.0.6261.129, setWindowRect: true, strictFileInteractability: false, timeouts: {implicit: 0, pageLoad: 300000, script: 30000}, unhandledPromptBehavior: dismiss and notify, webauthn:extension:credBlob: true, webauthn:extension:largeBlob: true, webauthn:extension:minPinLength: true, webauthn:extension:prf: true, webauthn:virtualAuthenticators: true}
Session ID: 06daf8af9c5170058ce788f5eec2bb59
	at org.openqa.selenium.support.ui.WebDriverWait.timeoutException(WebDriverWait.java:84)
	at org.openqa.selenium.support.ui.FluentWait.until(FluentWait.java:228)
	at com.amazon.pages.Page.waitForAllEmentsVisible(Page.java:43)
	at com.amazon.pages.LandingPage.searchProductGetResults(LandingPage.java:67)
	at stepdefinations.AddToCartStepDefination.user_search_in_search_filed(AddToCartStepDefination.java:81)
	at ✽.user search &quot;Keyboard&quot; in search filed(file:///E:/Repo/git/repository/assessment/src/test/resources/features/adding_2_iem_in_Cart.feature:9)
</pre></div></td>
<td>23</td>
<td>stepdefinations.TestRunner@2d901eb0</td></tr>
</table><p>
<table width='100%' border='1' class='invocation-passed'>
<tr><td colspan='4' align='center'><b>PASSED TESTS</b></td></tr>
<tr><td><b>Test method</b></td>
<td><b>Attribute(s)</b></td>
<td width="30%"><b>Exception</b></td>
<td width="10%"><b>Time (seconds)</b></td>
<td><b>Instance</b></td>
</tr>
<tr>
<td title='stepdefinations.TestRunner.runScenario()'><b>runScenario</b><br>Test class: stepdefinations.TestRunner<br>Test method: Runs Cucumber Scenarios<br>Parameters: "Adding an item in cart and verifying subtotal", "Add Monitor to Cart feature"</td>
<td></td>
<td>11</td>
<td>stepdefinations.TestRunner@2d901eb0</td></tr>
<tr>
<td title='stepdefinations.TestRunner.runScenario()'><b>runScenario</b><br>Test class: stepdefinations.TestRunner<br>Test method: Runs Cucumber Scenarios<br>Parameters: "Adding an item in cart and verifying subtotal", "Add Laptop to Cart feature"</td>
<td></td>
<td>29</td>
<td>stepdefinations.TestRunner@2d901eb0</td></tr>
</table><p>
</body>
</html>